<?xml version="1.0" encoding="UTF-8"?>
<!-- Generated by org.testng.reporters.JUnitReportReporter -->
<testsuite hostname="QT-INBG-LT1133" failures="0" tests="1" name="Rest_1.Rest__1" time="2.064" errors="0" timestamp="2024-01-04T14:59:45 IST" skipped="0">
  <testcase classname="Rest_1.Rest__1" name="test_1" time="2.064"/>
</testsuite> <!-- Rest_1.Rest__1 -->
